<?xml version="1.0" encoding="UTF-8"?>
<!-- Generated by org.testng.reporters.JUnitXMLReporter -->
<testsuite ignored="0" hostname="LAPTOP-9F9GKHEN" failures="1" tests="1" name="Command line test" time="21.66" errors="0" timestamp="2023-01-31T20:48:27 IST">
  <testcase classname="Organization.CreateOrganizationTest" name="createOrg" time="13.755">
    <failure type="java.lang.AssertionError" message="expected [organization name] but found [TestYantra376]">
      <![CDATA[java.lang.AssertionError: expected [organization name] but found [TestYantra376]
at Object_Repo.ValidationAndVerificationPage.validateOrganization(ValidationAndVerificationPage.java:46)
at Organization.CreateOrganizationTest.createOrg(CreateOrganizationTest.java:45)
at java.base/java.util.ArrayList.forEach(ArrayList.java:1511)
... Removed 42 stack frames]]>
    </failure>
  </testcase> <!-- createOrg -->
</testsuite> <!-- Command line test -->
