<?xml version="1.0" encoding="UTF-8" ?>
<testsuite tests="1" failures="1" name="Organization.CreateOrganizationTest" time="13.758" errors="0" skipped="0">
  <properties>
[...]
</properties>
  <testcase classname="Organization.CreateOrganizationTest" name="createOrg" time="13.758">
    <failure message="expected [organization name] but found [TestYantra376]" type="java.lang.AssertionError">java.lang.AssertionError: expected [organization name] but found [TestYantra376]
	at org.testng.Assert.fail(Assert.java:110)
	at org.testng.Assert.failNotEquals(Assert.java:1577)
	at org.testng.Assert.assertEqualsImpl(Assert.java:149)
	at org.testng.Assert.assertEquals(Assert.java:131)
	at org.testng.Assert.assertEquals(Assert.java:655)
	at org.testng.Assert.assertEquals(Assert.java:665)
	at Object_Repo.ValidationAndVerificationPage.validateOrganization(ValidationAndVerificationPage.java:46)
	at Organization.CreateOrganizationTest.createOrg(CreateOrganizationTest.java:45)
</failure>
    <system-out>Configuring TestNG with: org.apache.maven.surefire.testng.conf.TestNG652Configurator@7113b13f
Database Connection
Parallel execution
</system-out>
    <system-err>SLF4J: Failed to load class &quot;org.slf4j.impl.StaticLoggerBinder&quot;.
SLF4J: Defaulting to no-operation (NOP) logger implementation
SLF4J: See http://www.slf4j.org/codes.html#StaticLoggerBinder for further details.
Starting ChromeDriver 109.0.5414.74 (e7c5703604daa9cc128ccf5a5d3e993513758913-refs/branch-heads/5414@{#1172}) on port 23448
Only local connections are allowed.
Please see https://chromedriver.chromium.org/security-considerations for suggestions on keeping ChromeDriver safe.
ChromeDriver was started successfully.
Jan 31, 2023 8:48:07 PM org.openqa.selenium.remote.ProtocolHandshake createSession
INFO: Detected dialect: W3C
</system-err>
  </testcase>
</testsuite>